[26-11-2018 16:48]: Обрабатываем строку G2 747942
[26-11-2018 16:48]: Новый tcp/ip порт добавлен
[26-11-2018 16:48]: Обрабатываем строку G2 747942
[26-11-2018 16:48]: Порт 192.168.11.13: 3002 уже существует 
[26-11-2018 16:49]: 
[26-11-2018 16:49]: Обрабатываем строку G2 747942
[26-11-2018 16:49]: Порт 192.168.11.13: 3002 уже существует 
[26-11-2018 16:54]: Обрабатываем строку G2 747942
[26-11-2018 16:54]: Порт 192.168.11.13: 3002 уже существует 
[26-11-2018 16:54]: False
[26-11-2018 16:54]: test1
[26-11-2018 16:54]: C:\git_work\prizmer\static/cfg/feodos-heat.xlsx
[26-11-2018 16:54]: г.Москва
[26-11-2018 16:54]: Феодосийская, д. 7, к. 5
[26-11-2018 16:54]: Подъезд 5
[26-11-2018 16:54]: Квартира 315
[26-11-2018 16:54]: None
[26-11-2018 16:54]: None
[26-11-2018 16:54]: Обрабатываем строку Квартира 315 - 747942
[26-11-2018 16:54]: Феодосийская, д. 7, к. 5
[26-11-2018 16:55]: Абонент найден Пульсар Теплосчётчик 747942 Пульсар Теплосчётчик Энергия Суточный -- adress: 7  channel: 1
[26-11-2018 16:55]: Абонент найден Пульсар Теплосчётчик 747942 Пульсар Теплосчётчик Объем Суточный -- adress: 8  channel: 1
[26-11-2018 16:55]: Абонент найден Пульсар Теплосчётчик 747942 Пульсар Теплосчётчик Ti Суточный -- adress: 3  channel: 1
[26-11-2018 16:55]: Абонент найден Пульсар Теплосчётчик 747942 Пульсар Теплосчётчик To Суточный -- adress: 4  channel: 1
[26-11-2018 16:55]: Прибор добавлен --->   Пульсар Теплосчётчик
[03-12-2018 15:05]: Обрабатываем строку G2 35423336
[03-12-2018 15:05]: Новый tcp/ip порт добавлен
[03-12-2018 15:05]: Обрабатываем строку G3 35423337
[03-12-2018 15:05]: Новый tcp/ip порт добавленПорт 172.40.40.52: 4003 уже существует 
[03-12-2018 15:05]: Обрабатываем строку G4 35423353
[03-12-2018 15:05]: Новый tcp/ip порт добавленПорт 172.40.40.52: 4003 уже существует 
[03-12-2018 15:05]: Обрабатываем строку G5 35423356
[03-12-2018 15:05]: Новый tcp/ip порт добавленПорт 172.40.40.52: 4003 уже существует 
[03-12-2018 15:05]: Обрабатываем строку G6 35423377
[03-12-2018 15:05]: Новый tcp/ip порт добавленПорт 172.40.40.52: 4003 уже существует 
[03-12-2018 15:05]: Обрабатываем строку G7 35423399
[03-12-2018 15:05]: Новый tcp/ip порт добавленПорт 172.40.40.52: 4003 уже существует 
[03-12-2018 15:05]: Обрабатываем строку G8 35423400
[03-12-2018 15:05]: Новый tcp/ip порт добавленПорт 172.40.40.52: 4003 уже существует 
[03-12-2018 15:05]: Обрабатываем строку G9 35423403
[03-12-2018 15:05]: Новый tcp/ip порт добавленПорт 172.40.40.52: 4003 уже существует 
[03-12-2018 15:05]: Обрабатываем строку G10 35423407
[03-12-2018 15:05]: Новый tcp/ip порт добавленПорт 172.40.40.52: 4003 уже существует 
[03-12-2018 15:05]: Обрабатываем строку G11 35423408
[03-12-2018 15:05]: Новый tcp/ip порт добавленПорт 172.40.40.52: 4003 уже существует 
[03-12-2018 15:05]: Обрабатываем строку G12 35423443
[03-12-2018 15:05]: Новый tcp/ip порт добавленПорт 172.40.40.52: 4003 уже существует 
[03-12-2018 15:05]: Обрабатываем строку G13 35424877
[03-12-2018 15:05]: Новый tcp/ip порт добавленПорт 172.40.40.52: 4003 уже существует 
[03-12-2018 15:05]: True
[03-12-2018 15:05]: test1
[03-12-2018 15:05]: C:\git_work\prizmer\static/cfg/electric-3paveleckiy.xlsx
[03-12-2018 15:05]: г.Москва
[03-12-2018 15:05]: 3-й Павелецкий пр-д, д.3
[03-12-2018 15:05]: ВРУ
[03-12-2018 15:05]: ="ВРУ №"&TEXT(G2,"00000000")
[03-12-2018 15:05]: None
[03-12-2018 15:05]: None
[03-12-2018 15:05]: create object 3-й Павелецкий пр-д, д.3
[03-12-2018 15:05]: create abonent ="ВРУ №"&TEXT(G2,"00000000")
[03-12-2018 15:05]: г.Москва
[03-12-2018 15:05]: 3-й Павелецкий пр-д, д.3
[03-12-2018 15:05]: ВРУ
[03-12-2018 15:05]: ="ВРУ №"&TEXT(G3,"00000000")
[03-12-2018 15:05]: None
[03-12-2018 15:05]: None
[03-12-2018 15:05]: create abonent ="ВРУ №"&TEXT(G3,"00000000")
[03-12-2018 15:05]: г.Москва
[03-12-2018 15:05]: 3-й Павелецкий пр-д, д.3
[03-12-2018 15:05]: ВРУ
[03-12-2018 15:05]: ="ВРУ №"&TEXT(G4,"00000000")
[03-12-2018 15:05]: None
[03-12-2018 15:05]: None
[03-12-2018 15:05]: create abonent ="ВРУ №"&TEXT(G4,"00000000")
[03-12-2018 15:05]: г.Москва
[03-12-2018 15:05]: 3-й Павелецкий пр-д, д.3
[03-12-2018 15:05]: ВРУ
[03-12-2018 15:05]: ="ВРУ №"&TEXT(G5,"00000000")
[03-12-2018 15:05]: None
[03-12-2018 15:05]: None
[03-12-2018 15:05]: create abonent ="ВРУ №"&TEXT(G5,"00000000")
[03-12-2018 15:05]: г.Москва
[03-12-2018 15:05]: 3-й Павелецкий пр-д, д.3
[03-12-2018 15:05]: ВРУ
[03-12-2018 15:05]: ="ВРУ №"&TEXT(G6,"00000000")
[03-12-2018 15:05]: None
[03-12-2018 15:05]: None
[03-12-2018 15:05]: create abonent ="ВРУ №"&TEXT(G6,"00000000")
[03-12-2018 15:05]: г.Москва
[03-12-2018 15:05]: 3-й Павелецкий пр-д, д.3
[03-12-2018 15:05]: ВРУ
[03-12-2018 15:05]: ="ВРУ №"&TEXT(G7,"00000000")
[03-12-2018 15:05]: None
[03-12-2018 15:05]: None
[03-12-2018 15:05]: create abonent ="ВРУ №"&TEXT(G7,"00000000")
[03-12-2018 15:05]: г.Москва
[03-12-2018 15:05]: 3-й Павелецкий пр-д, д.3
[03-12-2018 15:05]: ВРУ
[03-12-2018 15:05]: ="ВРУ №"&TEXT(G8,"00000000")
[03-12-2018 15:05]: None
[03-12-2018 15:05]: None
[03-12-2018 15:05]: create abonent ="ВРУ №"&TEXT(G8,"00000000")
[03-12-2018 15:05]: г.Москва
[03-12-2018 15:05]: 3-й Павелецкий пр-д, д.3
[03-12-2018 15:05]: ВРУ
[03-12-2018 15:05]: ="ВРУ №"&TEXT(G9,"00000000")
[03-12-2018 15:05]: None
[03-12-2018 15:05]: None
[03-12-2018 15:05]: create abonent ="ВРУ №"&TEXT(G9,"00000000")
[03-12-2018 15:05]: г.Москва
[03-12-2018 15:05]: 3-й Павелецкий пр-д, д.3
[03-12-2018 15:05]: ВРУ
[03-12-2018 15:05]: ="ВРУ №"&TEXT(G10,"00000000")
[03-12-2018 15:05]: None
[03-12-2018 15:05]: None
[03-12-2018 15:05]: create abonent ="ВРУ №"&TEXT(G10,"00000000")
[03-12-2018 15:05]: г.Москва
[03-12-2018 15:05]: 3-й Павелецкий пр-д, д.3
[03-12-2018 15:05]: ВРУ
[03-12-2018 15:05]: ="ВРУ №"&TEXT(G11,"00000000")
[03-12-2018 15:05]: None
[03-12-2018 15:05]: None
[03-12-2018 15:05]: create abonent ="ВРУ №"&TEXT(G11,"00000000")
[03-12-2018 15:05]: г.Москва
[03-12-2018 15:05]: 3-й Павелецкий пр-д, д.3
[03-12-2018 15:05]: ВРУ
[03-12-2018 15:05]: ="ВРУ №"&TEXT(G12,"00000000")
[03-12-2018 15:05]: None
[03-12-2018 15:05]: None
[03-12-2018 15:05]: create abonent ="ВРУ №"&TEXT(G12,"00000000")
[03-12-2018 15:05]: г.Москва
[03-12-2018 15:05]: 3-й Павелецкий пр-д, д.3
[03-12-2018 15:05]: ВРУ
[03-12-2018 15:05]: ="ВРУ №"&TEXT(G13,"00000000")
[03-12-2018 15:05]: None
[03-12-2018 15:05]: None
[03-12-2018 15:05]: create abonent ="ВРУ №"&TEXT(G13,"00000000")
[03-12-2018 15:07]: Обрабатываем строку G2 35423336
[03-12-2018 15:07]: Новый tcp/ip порт добавлен
[03-12-2018 15:07]: Обрабатываем строку G3 35423337
[03-12-2018 15:07]: Новый tcp/ip порт добавленПорт 172.40.40.52: 4003 уже существует 
[03-12-2018 15:07]: Обрабатываем строку G4 35423353
[03-12-2018 15:07]: Новый tcp/ip порт добавленПорт 172.40.40.52: 4003 уже существует 
[03-12-2018 15:07]: Обрабатываем строку G5 35423356
[03-12-2018 15:07]: Новый tcp/ip порт добавленПорт 172.40.40.52: 4003 уже существует 
[03-12-2018 15:07]: Обрабатываем строку G6 35423377
[03-12-2018 15:07]: Новый tcp/ip порт добавленПорт 172.40.40.52: 4003 уже существует 
[03-12-2018 15:07]: Обрабатываем строку G7 35423399
[03-12-2018 15:07]: Новый tcp/ip порт добавленПорт 172.40.40.52: 4003 уже существует 
[03-12-2018 15:07]: Обрабатываем строку G8 35423400
[03-12-2018 15:07]: Новый tcp/ip порт добавленПорт 172.40.40.52: 4003 уже существует 
[03-12-2018 15:07]: Обрабатываем строку G9 35423403
[03-12-2018 15:07]: Новый tcp/ip порт добавленПорт 172.40.40.52: 4003 уже существует 
[03-12-2018 15:07]: Обрабатываем строку G10 35423407
[03-12-2018 15:07]: Новый tcp/ip порт добавленПорт 172.40.40.52: 4003 уже существует 
[03-12-2018 15:07]: Обрабатываем строку G11 35423408
[03-12-2018 15:07]: Новый tcp/ip порт добавленПорт 172.40.40.52: 4003 уже существует 
[03-12-2018 15:07]: Обрабатываем строку G12 35423443
[03-12-2018 15:07]: Новый tcp/ip порт добавленПорт 172.40.40.52: 4003 уже существует 
[03-12-2018 15:07]: Обрабатываем строку G13 35424877
[03-12-2018 15:07]: Новый tcp/ip порт добавленПорт 172.40.40.52: 4003 уже существует 
[03-12-2018 15:07]: True
[03-12-2018 15:07]: test1
[03-12-2018 15:07]: C:\git_work\prizmer\static/cfg/electric-3paveleckiy.xlsx
[03-12-2018 15:07]: г.Москва
[03-12-2018 15:07]: 3-й Павелецкий пр-д, д.3
[03-12-2018 15:07]: ВРУ
[03-12-2018 15:07]: ВРУ №35423336
[03-12-2018 15:07]: None
[03-12-2018 15:07]: None
[03-12-2018 15:07]: create object 3-й Павелецкий пр-д, д.3
[03-12-2018 15:07]: create abonent ВРУ №35423336
[03-12-2018 15:07]: г.Москва
[03-12-2018 15:07]: 3-й Павелецкий пр-д, д.3
[03-12-2018 15:07]: ВРУ
[03-12-2018 15:07]: ВРУ №35423337
[03-12-2018 15:07]: None
[03-12-2018 15:07]: None
[03-12-2018 15:07]: create abonent ВРУ №35423337
[03-12-2018 15:07]: г.Москва
[03-12-2018 15:07]: 3-й Павелецкий пр-д, д.3
[03-12-2018 15:07]: ВРУ
[03-12-2018 15:07]: ВРУ №35423353
[03-12-2018 15:07]: None
[03-12-2018 15:07]: None
[03-12-2018 15:07]: create abonent ВРУ №35423353
[03-12-2018 15:07]: г.Москва
[03-12-2018 15:07]: 3-й Павелецкий пр-д, д.3
[03-12-2018 15:07]: ВРУ
[03-12-2018 15:07]: ВРУ №35423356
[03-12-2018 15:07]: None
[03-12-2018 15:07]: None
[03-12-2018 15:07]: create abonent ВРУ №35423356
[03-12-2018 15:07]: г.Москва
[03-12-2018 15:07]: 3-й Павелецкий пр-д, д.3
[03-12-2018 15:07]: ВРУ
[03-12-2018 15:07]: ВРУ №35423377
[03-12-2018 15:07]: None
[03-12-2018 15:07]: None
[03-12-2018 15:07]: create abonent ВРУ №35423377
[03-12-2018 15:07]: г.Москва
[03-12-2018 15:07]: 3-й Павелецкий пр-д, д.3
[03-12-2018 15:07]: ВРУ
[03-12-2018 15:07]: ВРУ №35423399
[03-12-2018 15:07]: None
[03-12-2018 15:07]: None
[03-12-2018 15:07]: create abonent ВРУ №35423399
[03-12-2018 15:07]: г.Москва
[03-12-2018 15:07]: 3-й Павелецкий пр-д, д.3
[03-12-2018 15:07]: ВРУ
[03-12-2018 15:07]: ВРУ №35423400
[03-12-2018 15:07]: None
[03-12-2018 15:07]: None
[03-12-2018 15:07]: create abonent ВРУ №35423400
[03-12-2018 15:07]: г.Москва
[03-12-2018 15:07]: 3-й Павелецкий пр-д, д.3
[03-12-2018 15:07]: ВРУ
[03-12-2018 15:07]: ВРУ №35423403
[03-12-2018 15:07]: None
[03-12-2018 15:07]: None
[03-12-2018 15:07]: create abonent ВРУ №35423403
[03-12-2018 15:07]: г.Москва
[03-12-2018 15:07]: 3-й Павелецкий пр-д, д.3
[03-12-2018 15:07]: ВРУ
[03-12-2018 15:07]: ВРУ №35423407
[03-12-2018 15:07]: None
[03-12-2018 15:07]: None
[03-12-2018 15:07]: create abonent ВРУ №35423407
[03-12-2018 15:07]: г.Москва
[03-12-2018 15:07]: 3-й Павелецкий пр-д, д.3
[03-12-2018 15:07]: ВРУ
[03-12-2018 15:07]: ВРУ №35423408
[03-12-2018 15:07]: None
[03-12-2018 15:07]: None
[03-12-2018 15:07]: create abonent ВРУ №35423408
[03-12-2018 15:07]: г.Москва
[03-12-2018 15:07]: 3-й Павелецкий пр-д, д.3
[03-12-2018 15:07]: ВРУ
[03-12-2018 15:07]: ВРУ №35423443
[03-12-2018 15:07]: None
[03-12-2018 15:07]: None
[03-12-2018 15:07]: create abonent ВРУ №35423443
[03-12-2018 15:07]: г.Москва
[03-12-2018 15:07]: 3-й Павелецкий пр-д, д.3
[03-12-2018 15:07]: ВРУ
[03-12-2018 15:07]: ВРУ №35424877
[03-12-2018 15:07]: None
[03-12-2018 15:07]: None
[03-12-2018 15:07]: create abonent ВРУ №35424877
[03-12-2018 15:07]: Обрабатываем строку ВРУ №35423336 - 35423336
[03-12-2018 15:07]: m-230
[03-12-2018 15:07]: 3-й Павелецкий пр-д, д.3
[03-12-2018 15:07]: Абонент найден М-230 35423336 Меркурий 230 T0 A+ Месячный -- adress: 0  channel: 0
[03-12-2018 15:07]: Абонент найден М-230 35423336 Меркурий 230 T0 A+ Суточный -- adress: 0  channel: 0
[03-12-2018 15:07]: Абонент найден М-230 35423336 Меркурий 230 T1 A+ Месячный -- adress: 0  channel: 1
[03-12-2018 15:07]: Абонент найден М-230 35423336 Меркурий 230 T1 A+ Суточный -- adress: 0  channel: 1
[03-12-2018 15:07]: Абонент найден М-230 35423336 Меркурий 230 T2 A+ Месячный -- adress: 0  channel: 2
[03-12-2018 15:07]: Абонент найден М-230 35423336 Меркурий 230 T2 A+ Суточный -- adress: 0  channel: 2
[03-12-2018 15:07]: Абонент найден М-230 35423336 Меркурий 230 T3 A+ Месячный -- adress: 0  channel: 3
[03-12-2018 15:07]: Абонент найден М-230 35423336 Меркурий 230 T3 A+ Суточный -- adress: 0  channel: 3
[03-12-2018 15:07]: Абонент найден М-230 35423336 Меркурий 230 Error_code Текущий -- adress: 99  channel: 0
[03-12-2018 15:07]: Абонент найден М-230 35423336 Меркурий 230 A+ Профиль Получасовой -- adress: 0  channel: 0
[03-12-2018 15:07]: Абонент найден М-230 35423336 Меркурий 230 R+ Профиль Получасовой -- adress: 2  channel: 0
[03-12-2018 15:07]: Прибор добавлен --->   М-230
[03-12-2018 15:07]: Обрабатываем строку ВРУ №35423337 - 35423337
[03-12-2018 15:07]: m-230
[03-12-2018 15:07]: 3-й Павелецкий пр-д, д.3
[03-12-2018 15:07]: Абонент найден М-230 35423337 Меркурий 230 T0 A+ Месячный -- adress: 0  channel: 0
[03-12-2018 15:07]: Абонент найден М-230 35423337 Меркурий 230 T0 A+ Суточный -- adress: 0  channel: 0
[03-12-2018 15:07]: Абонент найден М-230 35423337 Меркурий 230 T1 A+ Месячный -- adress: 0  channel: 1
[03-12-2018 15:07]: Абонент найден М-230 35423337 Меркурий 230 T1 A+ Суточный -- adress: 0  channel: 1
[03-12-2018 15:07]: Абонент найден М-230 35423337 Меркурий 230 T2 A+ Месячный -- adress: 0  channel: 2
[03-12-2018 15:07]: Абонент найден М-230 35423337 Меркурий 230 T2 A+ Суточный -- adress: 0  channel: 2
[03-12-2018 15:07]: Абонент найден М-230 35423337 Меркурий 230 T3 A+ Месячный -- adress: 0  channel: 3
[03-12-2018 15:07]: Абонент найден М-230 35423337 Меркурий 230 T3 A+ Суточный -- adress: 0  channel: 3
[03-12-2018 15:07]: Абонент найден М-230 35423337 Меркурий 230 Error_code Текущий -- adress: 99  channel: 0
[03-12-2018 15:07]: Абонент найден М-230 35423337 Меркурий 230 A+ Профиль Получасовой -- adress: 0  channel: 0
[03-12-2018 15:07]: Абонент найден М-230 35423337 Меркурий 230 R+ Профиль Получасовой -- adress: 2  channel: 0
[03-12-2018 15:07]: Прибор добавлен --->   М-230
[03-12-2018 15:07]: Обрабатываем строку ВРУ №35423353 - 35423353
[03-12-2018 15:07]: m-230
[03-12-2018 15:07]: 3-й Павелецкий пр-д, д.3
[03-12-2018 15:07]: Абонент найден М-230 35423353 Меркурий 230 T0 A+ Месячный -- adress: 0  channel: 0
[03-12-2018 15:07]: Абонент найден М-230 35423353 Меркурий 230 T0 A+ Суточный -- adress: 0  channel: 0
[03-12-2018 15:07]: Абонент найден М-230 35423353 Меркурий 230 T1 A+ Месячный -- adress: 0  channel: 1
[03-12-2018 15:07]: Абонент найден М-230 35423353 Меркурий 230 T1 A+ Суточный -- adress: 0  channel: 1
[03-12-2018 15:07]: Абонент найден М-230 35423353 Меркурий 230 T2 A+ Месячный -- adress: 0  channel: 2
[03-12-2018 15:07]: Абонент найден М-230 35423353 Меркурий 230 T2 A+ Суточный -- adress: 0  channel: 2
[03-12-2018 15:07]: Абонент найден М-230 35423353 Меркурий 230 T3 A+ Месячный -- adress: 0  channel: 3
[03-12-2018 15:07]: Абонент найден М-230 35423353 Меркурий 230 T3 A+ Суточный -- adress: 0  channel: 3
[03-12-2018 15:07]: Абонент найден М-230 35423353 Меркурий 230 Error_code Текущий -- adress: 99  channel: 0
[03-12-2018 15:07]: Абонент найден М-230 35423353 Меркурий 230 A+ Профиль Получасовой -- adress: 0  channel: 0
[03-12-2018 15:07]: Абонент найден М-230 35423353 Меркурий 230 R+ Профиль Получасовой -- adress: 2  channel: 0
[03-12-2018 15:07]: Прибор добавлен --->   М-230
[03-12-2018 15:07]: Обрабатываем строку ВРУ №35423356 - 35423356
[03-12-2018 15:07]: m-230
[03-12-2018 15:07]: 3-й Павелецкий пр-д, д.3
[03-12-2018 15:07]: Абонент найден М-230 35423356 Меркурий 230 T0 A+ Месячный -- adress: 0  channel: 0
[03-12-2018 15:07]: Абонент найден М-230 35423356 Меркурий 230 T0 A+ Суточный -- adress: 0  channel: 0
[03-12-2018 15:07]: Абонент найден М-230 35423356 Меркурий 230 T1 A+ Месячный -- adress: 0  channel: 1
[03-12-2018 15:07]: Абонент найден М-230 35423356 Меркурий 230 T1 A+ Суточный -- adress: 0  channel: 1
[03-12-2018 15:07]: Абонент найден М-230 35423356 Меркурий 230 T2 A+ Месячный -- adress: 0  channel: 2
[03-12-2018 15:07]: Абонент найден М-230 35423356 Меркурий 230 T2 A+ Суточный -- adress: 0  channel: 2
[03-12-2018 15:07]: Абонент найден М-230 35423356 Меркурий 230 T3 A+ Месячный -- adress: 0  channel: 3
[03-12-2018 15:07]: Абонент найден М-230 35423356 Меркурий 230 T3 A+ Суточный -- adress: 0  channel: 3
[03-12-2018 15:07]: Абонент найден М-230 35423356 Меркурий 230 Error_code Текущий -- adress: 99  channel: 0
[03-12-2018 15:07]: Абонент найден М-230 35423356 Меркурий 230 A+ Профиль Получасовой -- adress: 0  channel: 0
[03-12-2018 15:07]: Абонент найден М-230 35423356 Меркурий 230 R+ Профиль Получасовой -- adress: 2  channel: 0
[03-12-2018 15:07]: Прибор добавлен --->   М-230
[03-12-2018 15:07]: Обрабатываем строку ВРУ №35423377 - 35423377
[03-12-2018 15:07]: m-230
[03-12-2018 15:07]: 3-й Павелецкий пр-д, д.3
[03-12-2018 15:07]: Абонент найден М-230 35423377 Меркурий 230 T0 A+ Месячный -- adress: 0  channel: 0
[03-12-2018 15:07]: Абонент найден М-230 35423377 Меркурий 230 T0 A+ Суточный -- adress: 0  channel: 0
[03-12-2018 15:07]: Абонент найден М-230 35423377 Меркурий 230 T1 A+ Месячный -- adress: 0  channel: 1
[03-12-2018 15:07]: Абонент найден М-230 35423377 Меркурий 230 T1 A+ Суточный -- adress: 0  channel: 1
[03-12-2018 15:07]: Абонент найден М-230 35423377 Меркурий 230 T2 A+ Месячный -- adress: 0  channel: 2
[03-12-2018 15:07]: Абонент найден М-230 35423377 Меркурий 230 T2 A+ Суточный -- adress: 0  channel: 2
[03-12-2018 15:07]: Абонент найден М-230 35423377 Меркурий 230 T3 A+ Месячный -- adress: 0  channel: 3
[03-12-2018 15:07]: Абонент найден М-230 35423377 Меркурий 230 T3 A+ Суточный -- adress: 0  channel: 3
[03-12-2018 15:07]: Абонент найден М-230 35423377 Меркурий 230 Error_code Текущий -- adress: 99  channel: 0
[03-12-2018 15:07]: Абонент найден М-230 35423377 Меркурий 230 A+ Профиль Получасовой -- adress: 0  channel: 0
[03-12-2018 15:07]: Абонент найден М-230 35423377 Меркурий 230 R+ Профиль Получасовой -- adress: 2  channel: 0
[03-12-2018 15:07]: Прибор добавлен --->   М-230
[03-12-2018 15:07]: Обрабатываем строку ВРУ №35423399 - 35423399
[03-12-2018 15:07]: m-230
[03-12-2018 15:07]: 3-й Павелецкий пр-д, д.3
[03-12-2018 15:07]: Абонент найден М-230 35423399 Меркурий 230 T0 A+ Месячный -- adress: 0  channel: 0
[03-12-2018 15:07]: Абонент найден М-230 35423399 Меркурий 230 T0 A+ Суточный -- adress: 0  channel: 0
[03-12-2018 15:07]: Абонент найден М-230 35423399 Меркурий 230 T1 A+ Месячный -- adress: 0  channel: 1
[03-12-2018 15:07]: Абонент найден М-230 35423399 Меркурий 230 T1 A+ Суточный -- adress: 0  channel: 1
[03-12-2018 15:07]: Абонент найден М-230 35423399 Меркурий 230 T2 A+ Месячный -- adress: 0  channel: 2
[03-12-2018 15:07]: Абонент найден М-230 35423399 Меркурий 230 T2 A+ Суточный -- adress: 0  channel: 2
[03-12-2018 15:07]: Абонент найден М-230 35423399 Меркурий 230 T3 A+ Месячный -- adress: 0  channel: 3
[03-12-2018 15:07]: Абонент найден М-230 35423399 Меркурий 230 T3 A+ Суточный -- adress: 0  channel: 3
[03-12-2018 15:07]: Абонент найден М-230 35423399 Меркурий 230 Error_code Текущий -- adress: 99  channel: 0
[03-12-2018 15:07]: Абонент найден М-230 35423399 Меркурий 230 A+ Профиль Получасовой -- adress: 0  channel: 0
[03-12-2018 15:07]: Абонент найден М-230 35423399 Меркурий 230 R+ Профиль Получасовой -- adress: 2  channel: 0
[03-12-2018 15:07]: Прибор добавлен --->   М-230
[03-12-2018 15:07]: Обрабатываем строку ВРУ №35423400 - 35423400
[03-12-2018 15:07]: m-230
[03-12-2018 15:07]: 3-й Павелецкий пр-д, д.3
[03-12-2018 15:07]: Абонент найден М-230 35423400 Меркурий 230 T0 A+ Месячный -- adress: 0  channel: 0
[03-12-2018 15:07]: Абонент найден М-230 35423400 Меркурий 230 T0 A+ Суточный -- adress: 0  channel: 0
[03-12-2018 15:07]: Абонент найден М-230 35423400 Меркурий 230 T1 A+ Месячный -- adress: 0  channel: 1
[03-12-2018 15:07]: Абонент найден М-230 35423400 Меркурий 230 T1 A+ Суточный -- adress: 0  channel: 1
[03-12-2018 15:07]: Абонент найден М-230 35423400 Меркурий 230 T2 A+ Месячный -- adress: 0  channel: 2
[03-12-2018 15:07]: Абонент найден М-230 35423400 Меркурий 230 T2 A+ Суточный -- adress: 0  channel: 2
[03-12-2018 15:07]: Абонент найден М-230 35423400 Меркурий 230 T3 A+ Месячный -- adress: 0  channel: 3
[03-12-2018 15:07]: Абонент найден М-230 35423400 Меркурий 230 T3 A+ Суточный -- adress: 0  channel: 3
[03-12-2018 15:07]: Абонент найден М-230 35423400 Меркурий 230 Error_code Текущий -- adress: 99  channel: 0
[03-12-2018 15:07]: Абонент найден М-230 35423400 Меркурий 230 A+ Профиль Получасовой -- adress: 0  channel: 0
[03-12-2018 15:07]: Абонент найден М-230 35423400 Меркурий 230 R+ Профиль Получасовой -- adress: 2  channel: 0
[03-12-2018 15:07]: Прибор добавлен --->   М-230
[03-12-2018 15:07]: Обрабатываем строку ВРУ №35423403 - 35423403
[03-12-2018 15:07]: m-230
[03-12-2018 15:07]: 3-й Павелецкий пр-д, д.3
[03-12-2018 15:07]: Абонент найден М-230 35423403 Меркурий 230 T0 A+ Месячный -- adress: 0  channel: 0
[03-12-2018 15:07]: Абонент найден М-230 35423403 Меркурий 230 T0 A+ Суточный -- adress: 0  channel: 0
[03-12-2018 15:07]: Абонент найден М-230 35423403 Меркурий 230 T1 A+ Месячный -- adress: 0  channel: 1
[03-12-2018 15:07]: Абонент найден М-230 35423403 Меркурий 230 T1 A+ Суточный -- adress: 0  channel: 1
[03-12-2018 15:07]: Абонент найден М-230 35423403 Меркурий 230 T2 A+ Месячный -- adress: 0  channel: 2
[03-12-2018 15:07]: Абонент найден М-230 35423403 Меркурий 230 T2 A+ Суточный -- adress: 0  channel: 2
[03-12-2018 15:07]: Абонент найден М-230 35423403 Меркурий 230 T3 A+ Месячный -- adress: 0  channel: 3
[03-12-2018 15:07]: Абонент найден М-230 35423403 Меркурий 230 T3 A+ Суточный -- adress: 0  channel: 3
[03-12-2018 15:07]: Абонент найден М-230 35423403 Меркурий 230 Error_code Текущий -- adress: 99  channel: 0
[03-12-2018 15:07]: Абонент найден М-230 35423403 Меркурий 230 A+ Профиль Получасовой -- adress: 0  channel: 0
[03-12-2018 15:07]: Абонент найден М-230 35423403 Меркурий 230 R+ Профиль Получасовой -- adress: 2  channel: 0
[03-12-2018 15:07]: Прибор добавлен --->   М-230
[03-12-2018 15:07]: Обрабатываем строку ВРУ №35423407 - 35423407
[03-12-2018 15:07]: m-230
[03-12-2018 15:07]: 3-й Павелецкий пр-д, д.3
[03-12-2018 15:07]: Абонент найден М-230 35423407 Меркурий 230 T0 A+ Месячный -- adress: 0  channel: 0
[03-12-2018 15:07]: Абонент найден М-230 35423407 Меркурий 230 T0 A+ Суточный -- adress: 0  channel: 0
[03-12-2018 15:07]: Абонент найден М-230 35423407 Меркурий 230 T1 A+ Месячный -- adress: 0  channel: 1
[03-12-2018 15:07]: Абонент найден М-230 35423407 Меркурий 230 T1 A+ Суточный -- adress: 0  channel: 1
[03-12-2018 15:07]: Абонент найден М-230 35423407 Меркурий 230 T2 A+ Месячный -- adress: 0  channel: 2
[03-12-2018 15:07]: Абонент найден М-230 35423407 Меркурий 230 T2 A+ Суточный -- adress: 0  channel: 2
[03-12-2018 15:07]: Абонент найден М-230 35423407 Меркурий 230 T3 A+ Месячный -- adress: 0  channel: 3
[03-12-2018 15:07]: Абонент найден М-230 35423407 Меркурий 230 T3 A+ Суточный -- adress: 0  channel: 3
[03-12-2018 15:07]: Абонент найден М-230 35423407 Меркурий 230 Error_code Текущий -- adress: 99  channel: 0
[03-12-2018 15:07]: Абонент найден М-230 35423407 Меркурий 230 A+ Профиль Получасовой -- adress: 0  channel: 0
[03-12-2018 15:07]: Абонент найден М-230 35423407 Меркурий 230 R+ Профиль Получасовой -- adress: 2  channel: 0
[03-12-2018 15:07]: Прибор добавлен --->   М-230
[03-12-2018 15:07]: Обрабатываем строку ВРУ №35423408 - 35423408
[03-12-2018 15:07]: m-230
[03-12-2018 15:07]: 3-й Павелецкий пр-д, д.3
[03-12-2018 15:07]: Абонент найден М-230 35423408 Меркурий 230 T0 A+ Месячный -- adress: 0  channel: 0
[03-12-2018 15:07]: Абонент найден М-230 35423408 Меркурий 230 T0 A+ Суточный -- adress: 0  channel: 0
[03-12-2018 15:07]: Абонент найден М-230 35423408 Меркурий 230 T1 A+ Месячный -- adress: 0  channel: 1
[03-12-2018 15:07]: Абонент найден М-230 35423408 Меркурий 230 T1 A+ Суточный -- adress: 0  channel: 1
[03-12-2018 15:07]: Абонент найден М-230 35423408 Меркурий 230 T2 A+ Месячный -- adress: 0  channel: 2
[03-12-2018 15:07]: Абонент найден М-230 35423408 Меркурий 230 T2 A+ Суточный -- adress: 0  channel: 2
[03-12-2018 15:07]: Абонент найден М-230 35423408 Меркурий 230 T3 A+ Месячный -- adress: 0  channel: 3
[03-12-2018 15:07]: Абонент найден М-230 35423408 Меркурий 230 T3 A+ Суточный -- adress: 0  channel: 3
[03-12-2018 15:07]: Абонент найден М-230 35423408 Меркурий 230 Error_code Текущий -- adress: 99  channel: 0
[03-12-2018 15:07]: Абонент найден М-230 35423408 Меркурий 230 A+ Профиль Получасовой -- adress: 0  channel: 0
[03-12-2018 15:07]: Абонент найден М-230 35423408 Меркурий 230 R+ Профиль Получасовой -- adress: 2  channel: 0
[03-12-2018 15:07]: Прибор добавлен --->   М-230
[03-12-2018 15:07]: Обрабатываем строку ВРУ №35423443 - 35423443
[03-12-2018 15:07]: m-230
[03-12-2018 15:07]: 3-й Павелецкий пр-д, д.3
[03-12-2018 15:07]: Абонент найден М-230 35423443 Меркурий 230 T0 A+ Месячный -- adress: 0  channel: 0
[03-12-2018 15:07]: Абонент найден М-230 35423443 Меркурий 230 T0 A+ Суточный -- adress: 0  channel: 0
[03-12-2018 15:07]: Абонент найден М-230 35423443 Меркурий 230 T1 A+ Месячный -- adress: 0  channel: 1
[03-12-2018 15:07]: Абонент найден М-230 35423443 Меркурий 230 T1 A+ Суточный -- adress: 0  channel: 1
[03-12-2018 15:07]: Абонент найден М-230 35423443 Меркурий 230 T2 A+ Месячный -- adress: 0  channel: 2
[03-12-2018 15:07]: Абонент найден М-230 35423443 Меркурий 230 T2 A+ Суточный -- adress: 0  channel: 2
[03-12-2018 15:07]: Абонент найден М-230 35423443 Меркурий 230 T3 A+ Месячный -- adress: 0  channel: 3
[03-12-2018 15:07]: Абонент найден М-230 35423443 Меркурий 230 T3 A+ Суточный -- adress: 0  channel: 3
[03-12-2018 15:07]: Абонент найден М-230 35423443 Меркурий 230 Error_code Текущий -- adress: 99  channel: 0
[03-12-2018 15:07]: Абонент найден М-230 35423443 Меркурий 230 A+ Профиль Получасовой -- adress: 0  channel: 0
[03-12-2018 15:07]: Абонент найден М-230 35423443 Меркурий 230 R+ Профиль Получасовой -- adress: 2  channel: 0
[03-12-2018 15:07]: Прибор добавлен --->   М-230
[03-12-2018 15:07]: Обрабатываем строку ВРУ №35424877 - 35424877
[03-12-2018 15:07]: m-230
[03-12-2018 15:07]: 3-й Павелецкий пр-д, д.3
[03-12-2018 15:07]: Абонент найден М-230 35424877 Меркурий 230 T0 A+ Месячный -- adress: 0  channel: 0
[03-12-2018 15:07]: Абонент найден М-230 35424877 Меркурий 230 T0 A+ Суточный -- adress: 0  channel: 0
[03-12-2018 15:07]: Абонент найден М-230 35424877 Меркурий 230 T1 A+ Месячный -- adress: 0  channel: 1
[03-12-2018 15:07]: Абонент найден М-230 35424877 Меркурий 230 T1 A+ Суточный -- adress: 0  channel: 1
[03-12-2018 15:07]: Абонент найден М-230 35424877 Меркурий 230 T2 A+ Месячный -- adress: 0  channel: 2
[03-12-2018 15:07]: Абонент найден М-230 35424877 Меркурий 230 T2 A+ Суточный -- adress: 0  channel: 2
[03-12-2018 15:07]: Абонент найден М-230 35424877 Меркурий 230 T3 A+ Месячный -- adress: 0  channel: 3
[03-12-2018 15:07]: Абонент найден М-230 35424877 Меркурий 230 T3 A+ Суточный -- adress: 0  channel: 3
[03-12-2018 15:07]: Абонент найден М-230 35424877 Меркурий 230 Error_code Текущий -- adress: 99  channel: 0
[03-12-2018 15:07]: Абонент найден М-230 35424877 Меркурий 230 A+ Профиль Получасовой -- adress: 0  channel: 0
[03-12-2018 15:07]: Абонент найден М-230 35424877 Меркурий 230 R+ Профиль Получасовой -- adress: 2  channel: 0
[03-12-2018 15:07]: Прибор добавлен --->   М-230
